#
# There is insufficient memory for the Java Runtime Environment to continue.
# Native memory allocation (malloc) failed to allocate 32784 bytes. Error detail: Chunk::new
# Possible reasons:
#   The system is out of physical RAM or swap space
#   This process is running with CompressedOops enabled, and the Java Heap may be blocking the growth of the native heap
# Possible solutions:
#   Reduce memory load on the system
#   Increase physical memory or swap space
#   Check if swap backing store is full
#   Decrease Java heap size (-Xmx/-Xms)
#   Decrease number of Java threads
#   Decrease Java thread stack sizes (-Xss)
#   Set larger code cache with -XX:ReservedCodeCacheSize=
#   JVM is running with Unscaled Compressed Oops mode in which the Java heap is
#     placed in the first 4GB address space. The Java Heap base address is the
#     maximum limit for the native heap growth. Please use -XX:HeapBaseMinAddress
#     to set the Java Heap base and to place the Java Heap above 4GB virtual address.
# This output file may be truncated or incomplete.
#
#  Out of Memory Error (arena.cpp:168), pid=10640, tid=12756
#
# JRE version: OpenJDK Runtime Environment Temurin-21.0.3+9 (21.0.3+9) (build 21.0.3+9-LTS)
# Java VM: OpenJDK 64-Bit Server VM Temurin-21.0.3+9 (21.0.3+9-LTS, mixed mode, tiered, compressed oops, compressed class ptrs, g1 gc, windows-amd64)
# No core dump will be written. Minidumps are not enabled by default on client versions of Windows
#

---------------  S U M M A R Y ------------

Command Line: -Dfile.encoding=UTF-8 -Dstdout.encoding=UTF-8 -Dstderr.encoding=UTF-8 -XX:+ShowCodeDetailsInExceptionMessages com.kodbook.Application

Host: Intel(R) Core(TM) i5-10300H CPU @ 2.50GHz, 8 cores, 7G,  Windows 11 , 64 bit Build 26100 (10.0.26100.1542)
Time: Wed Sep 11 17:18:28 2024 India Standard Time elapsed time: 117.659125 seconds (0d 0h 1m 57s)

---------------  T H R E A D  ---------------

Current thread (0x0000015666bf7d70):  JavaThread "C2 CompilerThread1" daemon [_thread_in_native, id=12756, stack(0x0000002bc2600000,0x0000002bc2700000) (1024K)]


Current CompileTask:
C2: 117659 5843 %     4       java.util.Properties$LineReader::readLine @ 293 (584 bytes)

Stack: [0x0000002bc2600000,0x0000002bc2700000]
Native frames: (J=compiled Java code, j=interpreted, Vv=VM code, C=native code)
V  [jvm.dll+0x6c8699]
V  [jvm.dll+0x8a2061]
V  [jvm.dll+0x8a458e]
V  [jvm.dll+0x8a4c63]
V  [jvm.dll+0x27e476]
V  [jvm.dll+0xc4a1d]
V  [jvm.dll+0xc4f53]
V  [jvm.dll+0xd099d]
V  [jvm.dll+0x5f21ef]
V  [jvm.dll+0x24fa82]
V  [jvm.dll+0x24fe3f]
V  [jvm.dll+0x248804]
V  [jvm.dll+0x245e94]
V  [jvm.dll+0x1c6f4e]
V  [jvm.dll+0x255719]
V  [jvm.dll+0x253cba]
V  [jvm.dll+0x3ec1e6]
V  [jvm.dll+0x84bf8b]
V  [jvm.dll+0x6c6dcd]
C  [ucrtbase.dll+0x14ea0]
C  [KERNEL32.DLL+0x2dbe7]
C  [ntdll.dll+0x85a6c]


---------------  P R O C E S S  ---------------

Threads class SMR info:
_java_thread_list=0x0000015668088cb0, length=31, elements={
0x00000156612d6150, 0x0000015661320540, 0x00000156612ef260, 0x0000015661336980,
0x00000156613386d0, 0x0000015661321390, 0x00000156612f8f30, 0x00000156612fb0b0,
0x00000156614da700, 0x00000156614edd70, 0x0000015668c85820, 0x0000015668093650,
0x0000015669710900, 0x00000156681b5040, 0x00000156681b2f70, 0x00000156681b4320,
0x00000156681b49b0, 0x00000156681b28e0, 0x00000156681b3600, 0x0000015669612bd0,
0x0000015669613260, 0x0000015669611820, 0x0000015669610b00, 0x0000015669611190,
0x00000156696138f0, 0x0000015669613f80, 0x0000015669614610, 0x0000015669614ca0,
0x0000015669615330, 0x0000015669611eb0, 0x0000015666bf7d70
}

Java Threads: ( => current thread )
  0x00000156612d6150 JavaThread "Reference Handler"          daemon [_thread_blocked, id=9896, stack(0x0000002bc3100000,0x0000002bc3200000) (1024K)]
  0x0000015661320540 JavaThread "Finalizer"                  daemon [_thread_blocked, id=5144, stack(0x0000002bc3200000,0x0000002bc3300000) (1024K)]
  0x00000156612ef260 JavaThread "Signal Dispatcher"          daemon [_thread_blocked, id=8184, stack(0x0000002bc3300000,0x0000002bc3400000) (1024K)]
  0x0000015661336980 JavaThread "Attach Listener"            daemon [_thread_blocked, id=15768, stack(0x0000002bc3400000,0x0000002bc3500000) (1024K)]
  0x00000156613386d0 JavaThread "Service Thread"             daemon [_thread_blocked, id=1280, stack(0x0000002bc3500000,0x0000002bc3600000) (1024K)]
  0x0000015661321390 JavaThread "Monitor Deflation Thread"   daemon [_thread_blocked, id=15500, stack(0x0000002bc3600000,0x0000002bc3700000) (1024K)]
  0x00000156612f8f30 JavaThread "C2 CompilerThread0"         daemon [_thread_in_native, id=12416, stack(0x0000002bc3700000,0x0000002bc3800000) (1024K)]
  0x00000156612fb0b0 JavaThread "C1 CompilerThread0"         daemon [_thread_blocked, id=6204, stack(0x0000002bc3800000,0x0000002bc3900000) (1024K)]
  0x00000156614da700 JavaThread "Notification Thread"        daemon [_thread_blocked, id=2016, stack(0x0000002bc3900000,0x0000002bc3a00000) (1024K)]
  0x00000156614edd70 JavaThread "Common-Cleaner"             daemon [_thread_blocked, id=14812, stack(0x0000002bc3a00000,0x0000002bc3b00000) (1024K)]
  0x0000015668c85820 JavaThread "Catalina-utility-1"                [_thread_blocked, id=636, stack(0x0000002bc4300000,0x0000002bc4400000) (1024K)]
  0x0000015668093650 JavaThread "Catalina-utility-2"                [_thread_blocked, id=11604, stack(0x0000002bc4800000,0x0000002bc4900000) (1024K)]
  0x0000015669710900 JavaThread "container-0"                       [_thread_blocked, id=17056, stack(0x0000002bc4900000,0x0000002bc4a00000) (1024K)]
  0x00000156681b5040 JavaThread "mysql-cj-abandoned-connection-cleanup" daemon [_thread_blocked, id=12484, stack(0x0000002bc4a00000,0x0000002bc4b00000) (1024K)]
  0x00000156681b2f70 JavaThread "HikariPool-1 housekeeper"   daemon [_thread_blocked, id=5432, stack(0x0000002bc4c00000,0x0000002bc4d00000) (1024K)]
  0x00000156681b4320 JavaThread "File Watcher"               daemon [_thread_blocked, id=3580, stack(0x0000002bc4e00000,0x0000002bc4f00000) (1024K)]
  0x00000156681b49b0 JavaThread "Live Reload Server"         daemon [_thread_in_native, id=14436, stack(0x0000002bc5000000,0x0000002bc5100000) (1024K)]
  0x00000156681b28e0 JavaThread "http-nio-8080-exec-1"       daemon [_thread_in_vm, id=16836, stack(0x0000002bc4f00000,0x0000002bc5000000) (1024K)]
  0x00000156681b3600 JavaThread "http-nio-8080-exec-2"       daemon [_thread_blocked, id=7436, stack(0x0000002bc5100000,0x0000002bc5200000) (1024K)]
  0x0000015669612bd0 JavaThread "http-nio-8080-exec-3"       daemon [_thread_blocked, id=12912, stack(0x0000002bc5200000,0x0000002bc5300000) (1024K)]
  0x0000015669613260 JavaThread "http-nio-8080-exec-4"       daemon [_thread_blocked, id=9600, stack(0x0000002bc5300000,0x0000002bc5400000) (1024K)]
  0x0000015669611820 JavaThread "http-nio-8080-exec-5"       daemon [_thread_blocked, id=13032, stack(0x0000002bc5400000,0x0000002bc5500000) (1024K)]
  0x0000015669610b00 JavaThread "http-nio-8080-exec-6"       daemon [_thread_blocked, id=17300, stack(0x0000002bc5500000,0x0000002bc5600000) (1024K)]
  0x0000015669611190 JavaThread "http-nio-8080-exec-7"       daemon [_thread_blocked, id=6136, stack(0x0000002bc5600000,0x0000002bc5700000) (1024K)]
  0x00000156696138f0 JavaThread "http-nio-8080-exec-8"       daemon [_thread_blocked, id=2128, stack(0x0000002bc5700000,0x0000002bc5800000) (1024K)]
  0x0000015669613f80 JavaThread "http-nio-8080-exec-9"       daemon [_thread_blocked, id=2956, stack(0x0000002bc5800000,0x0000002bc5900000) (1024K)]
  0x0000015669614610 JavaThread "http-nio-8080-exec-10"      daemon [_thread_blocked, id=16636, stack(0x0000002bc5900000,0x0000002bc5a00000) (1024K)]
  0x0000015669614ca0 JavaThread "http-nio-8080-Poller"       daemon [_thread_in_native, id=15880, stack(0x0000002bc5a00000,0x0000002bc5b00000) (1024K)]
  0x0000015669615330 JavaThread "http-nio-8080-Acceptor"     daemon [_thread_in_native, id=10348, stack(0x0000002bc5b00000,0x0000002bc5c00000) (1024K)]
  0x0000015669611eb0 JavaThread "DestroyJavaVM"                     [_thread_blocked, id=4480, stack(0x0000002bc2900000,0x0000002bc2a00000) (1024K)]
=>0x0000015666bf7d70 JavaThread "C2 CompilerThread1"         daemon [_thread_in_native, id=12756, stack(0x0000002bc2600000,0x0000002bc2700000) (1024K)]
Total: 31

Other Threads:
  0x000001566125b260 VMThread "VM Thread"                           [id=1876, stack(0x0000002bc3000000,0x0000002bc3100000) (1024K)]
  0x0000015661209200 WatcherThread "VM Periodic Task Thread"        [id=4016, stack(0x0000002bc2f00000,0x0000002bc3000000) (1024K)]
  0x00000156492fdbb0 WorkerThread "GC Thread#0"                     [id=11048, stack(0x0000002bc2a00000,0x0000002bc2b00000) (1024K)]
  0x000001566644f690 WorkerThread "GC Thread#1"                     [id=16396, stack(0x0000002bc3e00000,0x0000002bc3f00000) (1024K)]
  0x000001566644ef50 WorkerThread "GC Thread#2"                     [id=14168, stack(0x0000002bc3f00000,0x0000002bc4000000) (1024K)]
  0x000001566644f2f0 WorkerThread "GC Thread#3"                     [id=5348, stack(0x0000002bc4000000,0x0000002bc4100000) (1024K)]
  0x0000015666450510 WorkerThread "GC Thread#4"                     [id=6000, stack(0x0000002bc4100000,0x0000002bc4200000) (1024K)]
  0x000001566644fa30 WorkerThread "GC Thread#5"                     [id=7744, stack(0x0000002bc4200000,0x0000002bc4300000) (1024K)]
  0x00000156664508b0 WorkerThread "GC Thread#6"                     [id=14008, stack(0x0000002bc4400000,0x0000002bc4500000) (1024K)]
  0x0000015666694280 WorkerThread "GC Thread#7"                     [id=11504, stack(0x0000002bc4500000,0x0000002bc4600000) (1024K)]
  0x000001564930ee60 ConcurrentGCThread "G1 Main Marker"            [id=12976, stack(0x0000002bc2b00000,0x0000002bc2c00000) (1024K)]
  0x0000015649311f90 WorkerThread "G1 Conc#0"                       [id=7212, stack(0x0000002bc2c00000,0x0000002bc2d00000) (1024K)]
  0x0000015666692cc0 WorkerThread "G1 Conc#1"                       [id=15912, stack(0x0000002bc4600000,0x0000002bc4700000) (1024K)]
  0x000001564934ea40 ConcurrentGCThread "G1 Refine#0"               [id=7072, stack(0x0000002bc2d00000,0x0000002bc2e00000) (1024K)]
  0x00000156610d8800 ConcurrentGCThread "G1 Service"                [id=2332, stack(0x0000002bc2e00000,0x0000002bc2f00000) (1024K)]
Total: 15

Threads with active compile tasks:
C2 CompilerThread0   117727 5838       4       org.springframework.core.ResolvableType::hasGenerics (14 bytes)
C2 CompilerThread1   117727 5843 %     4       java.util.Properties$LineReader::readLine @ 293 (584 bytes)
Total: 2

VM state: not at safepoint (normal execution)

VM Mutex/Monitor currently owned by a thread:  ([mutex/lock_event])
[0x00007ffde6d400a8] Metaspace_lock - owner thread: 0x00000156681b28e0

Heap address: 0x0000000082a00000, size: 2006 MB, Compressed Oops mode: 32-bit

CDS archive(s) not mapped
Compressed class space mapped at: 0x0000000100000000-0x0000000140000000, reserved size: 1073741824
Narrow klass base: 0x0000000000000000, Narrow klass shift: 3, Narrow klass range: 0x140000000

GC Precious Log:
 CardTable entry size: 512
 Card Set container configuration: InlinePtr #cards 5 size 8 Array Of Cards #cards 12 size 40 Howl #buckets 4 coarsen threshold 1843 Howl Bitmap #cards 512 size 80 coarsen threshold 460 Card regions per heap region 1 cards per card region 2048
 CPUs: 8 total, 8 available
 Memory: 8023M
 Large Page Support: Disabled
 NUMA Support: Disabled
 Compressed Oops: Enabled (32-bit)
 Heap Region Size: 1M
 Heap Min Capacity: 8M
 Heap Initial Capacity: 126M
 Heap Max Capacity: 2006M
 Pre-touch: Disabled
 Parallel Workers: 8
 Concurrent Workers: 2
 Concurrent Refinement Workers: 8
 Periodic GC: Disabled

Heap:
 garbage-first heap   total 48128K, used 31217K [0x0000000082a00000, 0x0000000100000000)
  region size 1024K, 6 young (6144K), 2 survivors (2048K)
 Metaspace       used 76786K, committed 77440K, reserved 1179648K
  class space    used 9805K, committed 10112K, reserved 1048576K

Heap Regions: E=young(eden), S=young(survivor), O=old, HS=humongous(starts), HC=humongous(continues), CS=collection set, F=free, TAMS=top-at-mark-start, PB=parsable bottom
|   0|0x0000000082a00000, 0x0000000082b00000, 0x0000000082b00000|100%|HS|  |TAMS 0x0000000082a00000| PB 0x0000000082a00000| Complete 
|   1|0x0000000082b00000, 0x0000000082c00000, 0x0000000082c00000|100%| O|  |TAMS 0x0000000082b00000| PB 0x0000000082b00000| Untracked 
|   2|0x0000000082c00000, 0x0000000082d00000, 0x0000000082d00000|100%| O|  |TAMS 0x0000000082c00000| PB 0x0000000082c00000| Untracked 
|   3|0x0000000082d00000, 0x0000000082e00000, 0x0000000082e00000|100%| O|  |TAMS 0x0000000082d00000| PB 0x0000000082d00000| Untracked 
|   4|0x0000000082e00000, 0x0000000082f00000, 0x0000000082f00000|100%| O|  |TAMS 0x0000000082e00000| PB 0x0000000082e00000| Untracked 
|   5|0x0000000082f00000, 0x0000000083000000, 0x0000000083000000|100%| O|  |TAMS 0x0000000082f00000| PB 0x0000000082f00000| Untracked 
|   6|0x0000000083000000, 0x0000000083100000, 0x0000000083100000|100%| O|  |TAMS 0x0000000083000000| PB 0x0000000083000000| Untracked 
|   7|0x0000000083100000, 0x0000000083200000, 0x0000000083200000|100%| O|  |TAMS 0x0000000083100000| PB 0x0000000083100000| Untracked 
|   8|0x0000000083200000, 0x0000000083300000, 0x0000000083300000|100%| O|  |TAMS 0x0000000083200000| PB 0x0000000083200000| Untracked 
|   9|0x0000000083300000, 0x0000000083400000, 0x0000000083400000|100%| O|  |TAMS 0x0000000083300000| PB 0x0000000083300000| Untracked 
|  10|0x0000000083400000, 0x0000000083500000, 0x0000000083500000|100%| O|  |TAMS 0x0000000083400000| PB 0x0000000083400000| Untracked 
|  11|0x0000000083500000, 0x0000000083600000, 0x0000000083600000|100%| O|  |TAMS 0x0000000083500000| PB 0x0000000083500000| Untracked 
|  12|0x0000000083600000, 0x0000000083700000, 0x0000000083700000|100%| O|  |TAMS 0x0000000083600000| PB 0x0000000083600000| Untracked 
|  13|0x0000000083700000, 0x0000000083800000, 0x0000000083800000|100%| O|  |TAMS 0x0000000083700000| PB 0x0000000083700000| Untracked 
|  14|0x0000000083800000, 0x0000000083900000, 0x0000000083900000|100%| O|  |TAMS 0x0000000083800000| PB 0x0000000083800000| Untracked 
|  15|0x0000000083900000, 0x0000000083a00000, 0x0000000083a00000|100%| O|  |TAMS 0x0000000083900000| PB 0x0000000083900000| Untracked 
|  16|0x0000000083a00000, 0x0000000083b00000, 0x0000000083b00000|100%| O|  |TAMS 0x0000000083a00000| PB 0x0000000083a00000| Untracked 
|  17|0x0000000083b00000, 0x0000000083c00000, 0x0000000083c00000|100%| O|  |TAMS 0x0000000083b00000| PB 0x0000000083b00000| Untracked 
|  18|0x0000000083c00000, 0x0000000083d00000, 0x0000000083d00000|100%| O|  |TAMS 0x0000000083c00000| PB 0x0000000083c00000| Untracked 
|  19|0x0000000083d00000, 0x0000000083e00000, 0x0000000083e00000|100%| O|  |TAMS 0x0000000083d00000| PB 0x0000000083d00000| Untracked 
|  20|0x0000000083e00000, 0x0000000083e00000, 0x0000000083f00000|  0%| F|  |TAMS 0x0000000083e00000| PB 0x0000000083e00000| Untracked 
|  21|0x0000000083f00000, 0x0000000084000000, 0x0000000084000000|100%| O|  |TAMS 0x0000000083f00000| PB 0x0000000083f00000| Untracked 
|  22|0x0000000084000000, 0x0000000084100000, 0x0000000084100000|100%| O|  |TAMS 0x0000000084000000| PB 0x0000000084000000| Untracked 
|  23|0x0000000084100000, 0x0000000084200000, 0x0000000084200000|100%| O|  |TAMS 0x0000000084100000| PB 0x0000000084100000| Untracked 
|  24|0x0000000084200000, 0x0000000084300000, 0x0000000084300000|100%| O|  |TAMS 0x0000000084200000| PB 0x0000000084200000| Untracked 
|  25|0x0000000084300000, 0x0000000084400000, 0x0000000084400000|100%| O|  |TAMS 0x0000000084300000| PB 0x0000000084300000| Untracked 
|  26|0x0000000084400000, 0x000000008441a770, 0x0000000084500000| 10%| O|  |TAMS 0x0000000084400000| PB 0x0000000084400000| Untracked 
|  27|0x0000000084500000, 0x0000000084600000, 0x0000000084600000|100%| O|  |TAMS 0x0000000084500000| PB 0x0000000084500000| Untracked 
|  28|0x0000000084600000, 0x0000000084700000, 0x0000000084700000|100%| O|  |TAMS 0x0000000084600000| PB 0x0000000084600000| Untracked 
|  29|0x0000000084700000, 0x0000000084761f90, 0x0000000084800000| 38%| S|CS|TAMS 0x0000000084700000| PB 0x0000000084700000| Complete 
|  30|0x0000000084800000, 0x0000000084800000, 0x0000000084900000|  0%| F|  |TAMS 0x0000000084800000| PB 0x0000000084800000| Untracked 
|  31|0x0000000084900000, 0x0000000084900000, 0x0000000084a00000|  0%| F|  |TAMS 0x0000000084900000| PB 0x0000000084900000| Untracked 
|  32|0x0000000084a00000, 0x0000000084b00000, 0x0000000084b00000|100%| S|CS|TAMS 0x0000000084a00000| PB 0x0000000084a00000| Complete 
|  33|0x0000000084b00000, 0x0000000084b00000, 0x0000000084c00000|  0%| F|  |TAMS 0x0000000084b00000| PB 0x0000000084b00000| Untracked 
|  34|0x0000000084c00000, 0x0000000084c00000, 0x0000000084d00000|  0%| F|  |TAMS 0x0000000084c00000| PB 0x0000000084c00000| Untracked 
|  35|0x0000000084d00000, 0x0000000084d00000, 0x0000000084e00000|  0%| F|  |TAMS 0x0000000084d00000| PB 0x0000000084d00000| Untracked 
|  36|0x0000000084e00000, 0x0000000084e00000, 0x0000000084f00000|  0%| F|  |TAMS 0x0000000084e00000| PB 0x0000000084e00000| Untracked 
|  37|0x0000000084f00000, 0x0000000084f00000, 0x0000000085000000|  0%| F|  |TAMS 0x0000000084f00000| PB 0x0000000084f00000| Untracked 
|  38|0x0000000085000000, 0x0000000085000000, 0x0000000085100000|  0%| F|  |TAMS 0x0000000085000000| PB 0x0000000085000000| Untracked 
|  39|0x0000000085100000, 0x0000000085100000, 0x0000000085200000|  0%| F|  |TAMS 0x0000000085100000| PB 0x0000000085100000| Untracked 
|  40|0x0000000085200000, 0x0000000085200000, 0x0000000085300000|  0%| F|  |TAMS 0x0000000085200000| PB 0x0000000085200000| Untracked 
|  41|0x0000000085300000, 0x0000000085300000, 0x0000000085400000|  0%| F|  |TAMS 0x0000000085300000| PB 0x0000000085300000| Untracked 
|  42|0x0000000085400000, 0x0000000085400000, 0x0000000085500000|  0%| F|  |TAMS 0x0000000085400000| PB 0x0000000085400000| Untracked 
|  43|0x0000000085500000, 0x00000000855e0808, 0x0000000085600000| 87%| E|  |TAMS 0x0000000085500000| PB 0x0000000085500000| Complete 
|  98|0x0000000088c00000, 0x0000000088d00000, 0x0000000088d00000|100%| E|CS|TAMS 0x0000000088c00000| PB 0x0000000088c00000| Complete 
|  99|0x0000000088d00000, 0x0000000088e00000, 0x0000000088e00000|100%| E|CS|TAMS 0x0000000088d00000| PB 0x0000000088d00000| Complete 
| 125|0x000000008a700000, 0x000000008a800000, 0x000000008a800000|100%| E|  |TAMS 0x000000008a700000| PB 0x000000008a700000| Complete 

Card table byte_map: [0x000001565c4b0000,0x000001565c8a0000] _byte_map_base: 0x000001565c09b000

Marking Bits: (CMBitMap*) 0x00000156492feac0
 Bits: [0x000001565c8a0000, 0x000001565e7f8000)

Polling page: 0x0000015647270000

Metaspace:

Usage:
  Non-class:     65.41 MB used.
      Class:      9.58 MB used.
       Both:     74.99 MB used.

Virtual space:
  Non-class space:      128.00 MB reserved,      65.75 MB ( 51%) committed,  2 nodes.
      Class space:        1.00 GB reserved,       9.88 MB ( <1%) committed,  1 nodes.
             Both:        1.12 GB reserved,      75.62 MB (  7%) committed. 

Chunk freelists:
   Non-Class:  13.36 MB
       Class:  5.98 MB
        Both:  19.34 MB

MaxMetaspaceSize: unlimited
CompressedClassSpaceSize: 1.00 GB
Initial GC threshold: 21.00 MB
Current GC threshold: 119.00 MB
CDS: off
 - commit_granule_bytes: 65536.
 - commit_granule_words: 8192.
 - virtual_space_node_default_size: 8388608.
 - enlarge_chunks_in_place: 1.
 - use_allocation_guard: 0.


Internal statistics:

num_allocs_failed_limit: 6.
num_arena_births: 946.
num_arena_deaths: 0.
num_vsnodes_births: 3.
num_vsnodes_deaths: 0.
num_space_committed: 1210.
num_space_uncommitted: 0.
num_chunks_returned_to_freelist: 6.
num_chunks_taken_from_freelist: 3330.
num_chunk_merges: 6.
num_chunk_splits: 2343.
num_chunks_enlarged: 1761.
num_inconsistent_stats: 0.

CodeHeap 'non-profiled nmethods': size=120000Kb used=3525Kb max_used=3525Kb free=116474Kb
 bounds [0x0000015654860000, 0x0000015654be0000, 0x000001565bd90000]
CodeHeap 'profiled nmethods': size=120000Kb used=9699Kb max_used=9699Kb free=110300Kb
 bounds [0x000001564cd90000, 0x000001564d710000, 0x00000156542c0000]
CodeHeap 'non-nmethods': size=5760Kb used=1709Kb max_used=1779Kb free=4050Kb
 bounds [0x00000156542c0000, 0x0000015654530000, 0x0000015654860000]
 total_blobs=5779 nmethods=5043 adapters=638
 compilation: enabled
              stopped_count=0, restarted_count=0
 full_count=0

Compilation events (20 events):
Event: 117.438 Thread 0x00000156612f8f30 5834 %     4       java.util.Properties$LineReader::readLine @ 53 (584 bytes)
Event: 117.442 Thread 0x00000156612fb0b0 5835       3       java.lang.invoke.LambdaFormEditor::filterArgumentsForm (74 bytes)
Event: 117.443 Thread 0x00000156612fb0b0 nmethod 5835 0x000001564d702710 code [0x000001564d702900, 0x000001564d702bb0]
Event: 117.472 Thread 0x00000156612fb0b0 5840       1       org.apache.tomcat.util.http.MimeHeaderField::getName (5 bytes)
Event: 117.473 Thread 0x00000156612fb0b0 nmethod 5840 0x0000015654bc9f90 code [0x0000015654bca120, 0x0000015654bca1e8]
Event: 117.473 Thread 0x0000015666bf7d70 5839   !   4       org.springframework.beans.factory.support.DefaultSingletonBeanRegistry::getSingleton (147 bytes)
Event: 117.473 Thread 0x00000156612fb0b0 5841       3       java.lang.invoke.BoundMethodHandle::copyWith (7 bytes)
Event: 117.474 Thread 0x00000156612fb0b0 nmethod 5841 0x000001564d702d10 code [0x000001564d702ec0, 0x000001564d703080]
Event: 117.514 Thread 0x0000015666bf7d70 nmethod 5839 0x0000015654bca290 code [0x0000015654bca560, 0x0000015654bcb460]
Event: 117.514 Thread 0x0000015666bf7d70 5836       4       org.springframework.beans.factory.support.AbstractBeanFactory::isFactoryBean (71 bytes)
Event: 117.528 Thread 0x00000156612f8f30 nmethod 5834% 0x0000015654bcbe90 code [0x0000015654bcc180, 0x0000015654bcdbc0]
Event: 117.528 Thread 0x00000156612f8f30 5838       4       org.springframework.core.ResolvableType::hasGenerics (14 bytes)
Event: 117.607 Thread 0x0000015666bf7d70 nmethod 5836 0x0000015654bcea90 code [0x0000015654bcedc0, 0x0000015654bd00f0]
Event: 117.607 Thread 0x0000015666bf7d70 5843 %     4       java.util.Properties$LineReader::readLine @ 293 (584 bytes)
Event: 117.610 Thread 0x00000156612fb0b0 5844       3       java.util.ArrayList::indexOfRange (71 bytes)
Event: 117.612 Thread 0x00000156612fb0b0 nmethod 5844 0x000001564d703110 code [0x000001564d703300, 0x000001564d7037a0]
Event: 117.649 Thread 0x00000156612fb0b0 5845       1       java.util.concurrent.atomic.AtomicReference::get (5 bytes)
Event: 117.649 Thread 0x00000156612fb0b0 nmethod 5845 0x0000015654bd1010 code [0x0000015654bd11a0, 0x0000015654bd1268]
Event: 117.650 Thread 0x00000156612fb0b0 5846       1       org.springframework.util.MimeType::getType (5 bytes)
Event: 117.650 Thread 0x00000156612fb0b0 nmethod 5846 0x0000015654bd1310 code [0x0000015654bd14a0, 0x0000015654bd1568]

GC Heap History (20 events):
Event: 5.317 GC heap before
{Heap before GC invocations=9 (full 0):
 garbage-first heap   total 39936K, used 32611K [0x0000000082a00000, 0x0000000100000000)
  region size 1024K, 17 young (17408K), 1 survivors (1024K)
 Metaspace       used 38647K, committed 39168K, reserved 1114112K
  class space    used 4448K, committed 4672K, reserved 1048576K
}
Event: 5.324 GC heap after
{Heap after GC invocations=10 (full 0):
 garbage-first heap   total 39936K, used 18203K [0x0000000082a00000, 0x0000000100000000)
  region size 1024K, 2 young (2048K), 2 survivors (2048K)
 Metaspace       used 38647K, committed 39168K, reserved 1114112K
  class space    used 4448K, committed 4672K, reserved 1048576K
}
Event: 6.423 GC heap before
{Heap before GC invocations=10 (full 0):
 garbage-first heap   total 39936K, used 33563K [0x0000000082a00000, 0x0000000100000000)
  region size 1024K, 17 young (17408K), 2 survivors (2048K)
 Metaspace       used 41826K, committed 42368K, reserved 1114112K
  class space    used 4885K, committed 5120K, reserved 1048576K
}
Event: 6.429 GC heap after
{Heap after GC invocations=11 (full 0):
 garbage-first heap   total 39936K, used 18723K [0x0000000082a00000, 0x0000000100000000)
  region size 1024K, 3 young (3072K), 3 survivors (3072K)
 Metaspace       used 41826K, committed 42368K, reserved 1114112K
  class space    used 4885K, committed 5120K, reserved 1048576K
}
Event: 6.841 GC heap before
{Heap before GC invocations=11 (full 0):
 garbage-first heap   total 39936K, used 33059K [0x0000000082a00000, 0x0000000100000000)
  region size 1024K, 17 young (17408K), 3 survivors (3072K)
 Metaspace       used 45827K, committed 46400K, reserved 1114112K
  class space    used 5556K, committed 5824K, reserved 1048576K
}
Event: 6.847 GC heap after
{Heap after GC invocations=12 (full 0):
 garbage-first heap   total 39936K, used 19447K [0x0000000082a00000, 0x0000000100000000)
  region size 1024K, 2 young (2048K), 2 survivors (2048K)
 Metaspace       used 45827K, committed 46400K, reserved 1114112K
  class space    used 5556K, committed 5824K, reserved 1048576K
}
Event: 7.614 GC heap before
{Heap before GC invocations=12 (full 0):
 garbage-first heap   total 39936K, used 33783K [0x0000000082a00000, 0x0000000100000000)
  region size 1024K, 16 young (16384K), 2 survivors (2048K)
 Metaspace       used 53547K, committed 54144K, reserved 1114112K
  class space    used 6453K, committed 6720K, reserved 1048576K
}
Event: 7.620 GC heap after
{Heap after GC invocations=13 (full 0):
 garbage-first heap   total 39936K, used 21141K [0x0000000082a00000, 0x0000000100000000)
  region size 1024K, 2 young (2048K), 2 survivors (2048K)
 Metaspace       used 53547K, committed 54144K, reserved 1114112K
  class space    used 6453K, committed 6720K, reserved 1048576K
}
Event: 8.098 GC heap before
{Heap before GC invocations=14 (full 0):
 garbage-first heap   total 39936K, used 33429K [0x0000000082a00000, 0x0000000100000000)
  region size 1024K, 15 young (15360K), 2 survivors (2048K)
 Metaspace       used 57205K, committed 57856K, reserved 1114112K
  class space    used 6965K, committed 7232K, reserved 1048576K
}
Event: 8.101 GC heap after
{Heap after GC invocations=15 (full 0):
 garbage-first heap   total 48128K, used 22473K [0x0000000082a00000, 0x0000000100000000)
  region size 1024K, 2 young (2048K), 2 survivors (2048K)
 Metaspace       used 57205K, committed 57856K, reserved 1114112K
  class space    used 6965K, committed 7232K, reserved 1048576K
}
Event: 8.606 GC heap before
{Heap before GC invocations=15 (full 0):
 garbage-first heap   total 48128K, used 40905K [0x0000000082a00000, 0x0000000100000000)
  region size 1024K, 21 young (21504K), 2 survivors (2048K)
 Metaspace       used 63481K, committed 64064K, reserved 1114112K
  class space    used 7810K, committed 8064K, reserved 1048576K
}
Event: 8.610 GC heap after
{Heap after GC invocations=16 (full 0):
 garbage-first heap   total 48128K, used 23336K [0x0000000082a00000, 0x0000000100000000)
  region size 1024K, 3 young (3072K), 3 survivors (3072K)
 Metaspace       used 63481K, committed 64064K, reserved 1114112K
  class space    used 7810K, committed 8064K, reserved 1048576K
}
Event: 9.260 GC heap before
{Heap before GC invocations=16 (full 0):
 garbage-first heap   total 48128K, used 40744K [0x0000000082a00000, 0x0000000100000000)
  region size 1024K, 20 young (20480K), 3 survivors (3072K)
 Metaspace       used 68377K, committed 68992K, reserved 1114112K
  class space    used 8641K, committed 8896K, reserved 1048576K
}
Event: 9.265 GC heap after
{Heap after GC invocations=17 (full 0):
 garbage-first heap   total 48128K, used 24203K [0x0000000082a00000, 0x0000000100000000)
  region size 1024K, 2 young (2048K), 2 survivors (2048K)
 Metaspace       used 68377K, committed 68992K, reserved 1114112K
  class space    used 8641K, committed 8896K, reserved 1048576K
}
Event: 10.249 GC heap before
{Heap before GC invocations=17 (full 0):
 garbage-first heap   total 48128K, used 42635K [0x0000000082a00000, 0x0000000100000000)
  region size 1024K, 20 young (20480K), 2 survivors (2048K)
 Metaspace       used 72326K, committed 73024K, reserved 1114112K
  class space    used 9146K, committed 9472K, reserved 1048576K
}
Event: 10.258 GC heap after
{Heap after GC invocations=18 (full 0):
 garbage-first heap   total 48128K, used 26310K [0x0000000082a00000, 0x0000000100000000)
  region size 1024K, 3 young (3072K), 3 survivors (3072K)
 Metaspace       used 72326K, committed 73024K, reserved 1114112K
  class space    used 9146K, committed 9472K, reserved 1048576K
}
Event: 11.020 GC heap before
{Heap before GC invocations=19 (full 0):
 garbage-first heap   total 48128K, used 40646K [0x0000000082a00000, 0x0000000100000000)
  region size 1024K, 18 young (18432K), 3 survivors (3072K)
 Metaspace       used 73831K, committed 74496K, reserved 1114112K
  class space    used 9413K, committed 9728K, reserved 1048576K
}
Event: 11.024 GC heap after
{Heap after GC invocations=20 (full 0):
 garbage-first heap   total 48128K, used 28234K [0x0000000082a00000, 0x0000000100000000)
  region size 1024K, 2 young (2048K), 2 survivors (2048K)
 Metaspace       used 73831K, committed 74496K, reserved 1114112K
  class space    used 9413K, committed 9728K, reserved 1048576K
}
Event: 117.283 GC heap before
{Heap before GC invocations=20 (full 0):
 garbage-first heap   total 48128K, used 42570K [0x0000000082a00000, 0x0000000100000000)
  region size 1024K, 16 young (16384K), 2 survivors (2048K)
 Metaspace       used 75648K, committed 76288K, reserved 1179648K
  class space    used 9654K, committed 9920K, reserved 1048576K
}
Event: 117.297 GC heap after
{Heap after GC invocations=21 (full 0):
 garbage-first heap   total 48128K, used 29169K [0x0000000082a00000, 0x0000000100000000)
  region size 1024K, 2 young (2048K), 2 survivors (2048K)
 Metaspace       used 75648K, committed 76288K, reserved 1179648K
  class space    used 9654K, committed 9920K, reserved 1048576K
}

Dll operation events (11 events):
Event: 0.012 Loaded shared library C:\Users\Santhosh BM\Downloads\eclipse-jee-2024-06-R-win32-x86_64\eclipse\plugins\org.eclipse.justj.openjdk.hotspot.jre.full.win32.x86_64_21.0.3.v20240426-1530\jre\bin\java.dll
Event: 0.019 Loaded shared library C:\Users\Santhosh BM\Downloads\eclipse-jee-2024-06-R-win32-x86_64\eclipse\plugins\org.eclipse.justj.openjdk.hotspot.jre.full.win32.x86_64_21.0.3.v20240426-1530\jre\bin\zip.dll
Event: 0.264 Loaded shared library C:\Users\Santhosh BM\Downloads\eclipse-jee-2024-06-R-win32-x86_64\eclipse\plugins\org.eclipse.justj.openjdk.hotspot.jre.full.win32.x86_64_21.0.3.v20240426-1530\jre\bin\net.dll
Event: 0.268 Loaded shared library C:\Users\Santhosh BM\Downloads\eclipse-jee-2024-06-R-win32-x86_64\eclipse\plugins\org.eclipse.justj.openjdk.hotspot.jre.full.win32.x86_64_21.0.3.v20240426-1530\jre\bin\nio.dll
Event: 0.279 Loaded shared library C:\Users\Santhosh BM\Downloads\eclipse-jee-2024-06-R-win32-x86_64\eclipse\plugins\org.eclipse.justj.openjdk.hotspot.jre.full.win32.x86_64_21.0.3.v20240426-1530\jre\bin\zip.dll
Event: 0.509 Loaded shared library C:\Users\Santhosh BM\Downloads\eclipse-jee-2024-06-R-win32-x86_64\eclipse\plugins\org.eclipse.justj.openjdk.hotspot.jre.full.win32.x86_64_21.0.3.v20240426-1530\jre\bin\jimage.dll
Event: 0.950 Loaded shared library C:\Users\Santhosh BM\Downloads\eclipse-jee-2024-06-R-win32-x86_64\eclipse\plugins\org.eclipse.justj.openjdk.hotspot.jre.full.win32.x86_64_21.0.3.v20240426-1530\jre\bin\management.dll
Event: 0.955 Loaded shared library C:\Users\Santhosh BM\Downloads\eclipse-jee-2024-06-R-win32-x86_64\eclipse\plugins\org.eclipse.justj.openjdk.hotspot.jre.full.win32.x86_64_21.0.3.v20240426-1530\jre\bin\management_ext.dll
Event: 2.304 Loaded shared library C:\Users\Santhosh BM\Downloads\eclipse-jee-2024-06-R-win32-x86_64\eclipse\plugins\org.eclipse.justj.openjdk.hotspot.jre.full.win32.x86_64_21.0.3.v20240426-1530\jre\bin\sunmscapi.dll
Event: 6.601 Loaded shared library C:\Users\Santhosh BM\Downloads\eclipse-jee-2024-06-R-win32-x86_64\eclipse\plugins\org.eclipse.justj.openjdk.hotspot.jre.full.win32.x86_64_21.0.3.v20240426-1530\jre\bin\verify.dll
Event: 7.163 Loaded shared library C:\Users\Santhosh BM\Downloads\eclipse-jee-2024-06-R-win32-x86_64\eclipse\plugins\org.eclipse.justj.openjdk.hotspot.jre.full.win32.x86_64_21.0.3.v20240426-1530\jre\bin\extnet.dll

Deoptimization events (20 events):
Event: 11.347 Thread 0x0000015661ed4100 DEOPT PACKING pc=0x0000015654b6d120 sp=0x0000002bc3dfe4e0
Event: 11.347 Thread 0x0000015661ed4100 DEOPT UNPACKING pc=0x00000156543146a2 sp=0x0000002bc3dfe3c8 mode 2
Event: 11.355 Thread 0x0000015661ed4100 Uncommon trap: trap_request=0xffffff45 fr.pc=0x0000015654b37740 relative=0x0000000000004260
Event: 11.355 Thread 0x0000015661ed4100 Uncommon trap: reason=unstable_if action=reinterpret pc=0x0000015654b37740 method=org.springframework.util.ReflectionUtils.lambda$static$0(Ljava/lang/reflect/Method;)Z @ 4 c2
Event: 11.355 Thread 0x0000015661ed4100 DEOPT PACKING pc=0x0000015654b37740 sp=0x0000002bc3dfe680
Event: 11.355 Thread 0x0000015661ed4100 DEOPT UNPACKING pc=0x00000156543146a2 sp=0x0000002bc3dfe5e8 mode 2
Event: 11.365 Thread 0x0000015661ed4100 Uncommon trap: trap_request=0xffffff45 fr.pc=0x00000156548d3d10 relative=0x0000000000000070
Event: 11.365 Thread 0x0000015661ed4100 Uncommon trap: reason=unstable_if action=reinterpret pc=0x00000156548d3d10 method=org.springframework.util.ConcurrentReferenceHashMap$Segment.clear()V @ 7 c2
Event: 11.365 Thread 0x0000015661ed4100 DEOPT PACKING pc=0x00000156548d3d10 sp=0x0000002bc3dfe920
Event: 11.365 Thread 0x0000015661ed4100 DEOPT UNPACKING pc=0x00000156543146a2 sp=0x0000002bc3dfe8b0 mode 2
Event: 11.369 Thread 0x0000015661ed4100 Uncommon trap: trap_request=0xffffff45 fr.pc=0x00000156548eea50 relative=0x0000000000000110
Event: 11.369 Thread 0x0000015661ed4100 Uncommon trap: reason=unstable_if action=reinterpret pc=0x00000156548eea50 method=java.lang.ref.ReferenceQueue.poll()Ljava/lang/ref/Reference; @ 4 c2
Event: 11.369 Thread 0x0000015661ed4100 DEOPT PACKING pc=0x00000156548eea50 sp=0x0000002bc3dfe640
Event: 11.369 Thread 0x0000015661ed4100 DEOPT UNPACKING pc=0x00000156543146a2 sp=0x0000002bc3dfe508 mode 2
Event: 11.470 Thread 0x0000015661ed4100 Uncommon trap: trap_request=0xffffff45 fr.pc=0x0000015654a1db44 relative=0x0000000000000124
Event: 11.470 Thread 0x0000015661ed4100 Uncommon trap: reason=unstable_if action=reinterpret pc=0x0000015654a1db44 method=java.util.ArrayList.indexOfRange(Ljava/lang/Object;II)I @ 7 c2
Event: 11.470 Thread 0x0000015661ed4100 DEOPT PACKING pc=0x0000015654a1db44 sp=0x0000002bc3dfe360
Event: 11.470 Thread 0x0000015661ed4100 DEOPT UNPACKING pc=0x00000156543146a2 sp=0x0000002bc3dfe2e0 mode 2
Event: 117.339 Thread 0x00000156681b28e0 DEOPT PACKING pc=0x000001564d6a4201 sp=0x0000002bc4ffdd80
Event: 117.339 Thread 0x00000156681b28e0 DEOPT UNPACKING pc=0x0000015654314e42 sp=0x0000002bc4ffd290 mode 0

Classes loaded (20 events):
Event: 117.147 Loading class sun/nio/ch/SocketAdaptor
Event: 117.147 Loading class sun/nio/ch/SocketAdaptor done
Event: 117.147 Loading class sun/nio/ch/SocketChannelImpl$DefaultOptionsHolder
Event: 117.147 Loading class sun/nio/ch/SocketChannelImpl$DefaultOptionsHolder done
Event: 117.149 Loading class sun/nio/ch/SelectionKeyImpl
Event: 117.149 Loading class java/nio/channels/spi/AbstractSelectionKey
Event: 117.149 Loading class java/nio/channels/SelectionKey
Event: 117.149 Loading class java/nio/channels/SelectionKey done
Event: 117.149 Loading class java/nio/channels/spi/AbstractSelectionKey done
Event: 117.149 Loading class sun/nio/ch/SelectionKeyImpl done
Event: 117.150 Loading class java/lang/invoke/ConstantBootstraps
Event: 117.150 Loading class java/lang/invoke/ConstantBootstraps done
Event: 117.363 Loading class sun/nio/cs/ThreadLocalCoders
Event: 117.364 Loading class sun/nio/cs/ThreadLocalCoders done
Event: 117.364 Loading class sun/nio/cs/ThreadLocalCoders$1
Event: 117.364 Loading class sun/nio/cs/ThreadLocalCoders$Cache
Event: 117.364 Loading class sun/nio/cs/ThreadLocalCoders$Cache done
Event: 117.364 Loading class sun/nio/cs/ThreadLocalCoders$1 done
Event: 117.364 Loading class sun/nio/cs/ThreadLocalCoders$2
Event: 117.364 Loading class sun/nio/cs/ThreadLocalCoders$2 done

Classes unloaded (0 events):
No events

Classes redefined (0 events):
No events

Internal exceptions (20 events):
Event: 9.115 Thread 0x0000015661ed4100 Exception <a 'java/lang/NoSuchMethodError'{0x0000000084a2f230}: 'java.lang.Object java.lang.invoke.DirectMethodHandle$Holder.newInvokeSpecial(java.lang.Object, java.lang.Object, java.lang.Object, java.lang.Object, java.lang.Object, java.lang.Object, java.lang.Object, int)'> (0x0000000084a2f230) 
thrown [s\src\hotspot\share\interpreter\linkResolver.cpp, line 773]
Event: 9.115 Thread 0x0000015661ed4100 Exception <a 'java/lang/NoSuchMethodError'{0x0000000084a33790}: 'java.lang.Object java.lang.invoke.DirectMethodHandle$Holder.invokeSpecial(java.lang.Object, java.lang.Object, java.lang.Object, java.lang.Object, java.lang.Object, java.lang.Object, java.lang.Object, java.lang.Object, int)'> (0x0000000084a33790) 
thrown [s\src\hotspot\share\interpreter\linkResolver.cpp, line 773]
Event: 9.116 Thread 0x0000015661ed4100 Exception <a 'java/lang/NoSuchMethodError'{0x0000000084a377a8}: 'java.lang.Object java.lang.invoke.Invokers$Holder.linkToTargetMethod(java.lang.Object, java.lang.Object, java.lang.Object, java.lang.Object, java.lang.Object, java.lang.Object, int, java.lang.Object)'> (0x0000000084a377a8) 
thrown [s\src\hotspot\share\interpreter\linkResolver.cpp, line 773]
Event: 9.146 Thread 0x0000015661ed4100 Exception <a 'java/lang/NoSuchMethodError'{0x0000000084aed518}: 'void java.lang.invoke.DirectMethodHandle$Holder.invokeInterface(java.lang.Object, java.lang.Object)'> (0x0000000084aed518) 
thrown [s\src\hotspot\share\interpreter\linkResolver.cpp, line 773]
Event: 9.323 Thread 0x0000015661ed4100 Exception <a 'java/lang/NoSuchMethodError'{0x000000008a7c6be8}: 'void java.lang.invoke.Invokers$Holder.invokeExact_MT(java.lang.Object, java.lang.Object, java.lang.Object, java.lang.Object)'> (0x000000008a7c6be8) 
thrown [s\src\hotspot\share\interpreter\linkResolver.cpp, line 773]
Event: 9.353 Thread 0x0000015661ed4100 Implicit null exception at 0x0000015654ab8d17 to 0x0000015654ab8f98
Event: 9.464 Thread 0x0000015661ed4100 Exception <a 'java/lang/IncompatibleClassChangeError'{0x000000008548d158}: Found class java.lang.Object, but interface was expected> (0x000000008548d158) 
thrown [s\src\hotspot\share\interpreter\linkResolver.cpp, line 840]
Event: 9.481 Thread 0x0000015661ed4100 Exception <a 'java/lang/IncompatibleClassChangeError'{0x00000000853039d8}: Found class java.lang.Object, but interface was expected> (0x00000000853039d8) 
thrown [s\src\hotspot\share\interpreter\linkResolver.cpp, line 840]
Event: 9.548 Thread 0x0000015661ed4100 Exception <a 'java/lang/IncompatibleClassChangeError'{0x0000000085259420}: Found class java.lang.Object, but interface was expected> (0x0000000085259420) 
thrown [s\src\hotspot\share\interpreter\linkResolver.cpp, line 840]
Event: 9.779 Thread 0x0000015661ed4100 Exception <a 'java/lang/IncompatibleClassChangeError'{0x0000000084c44c98}: Found class java.lang.Object, but interface was expected> (0x0000000084c44c98) 
thrown [s\src\hotspot\share\interpreter\linkResolver.cpp, line 840]
Event: 9.956 Thread 0x0000015661ed4100 Exception <a 'java/lang/IncompatibleClassChangeError'{0x0000000084aedf78}: Found class java.lang.Object, but interface was expected> (0x0000000084aedf78) 
thrown [s\src\hotspot\share\interpreter\linkResolver.cpp, line 840]
Event: 10.452 Thread 0x0000015661ed4100 Exception <a 'java/lang/NoSuchMethodError'{0x0000000088da7790}: 'java.lang.Object java.lang.invoke.DirectMethodHandle$Holder.newInvokeSpecial(java.lang.Object, java.lang.Object, java.lang.Object, java.lang.Object, java.lang.Object, java.lang.Object, java.lang.Object, java.lang.Object)'> (0x0000000088da7790) 
thrown [s\src\hotspot\share\interpreter\linkResolver.cpp, line 773]
Event: 10.907 Thread 0x0000015661ed4100 Exception <a 'java/lang/IncompatibleClassChangeError'{0x0000000084de29a0}: Found class java.lang.Object, but interface was expected> (0x0000000084de29a0) 
thrown [s\src\hotspot\share\interpreter\linkResolver.cpp, line 840]
Event: 10.980 Thread 0x0000015661ed4100 Exception <a 'java/lang/NoSuchMethodError'{0x0000000084b69070}: 'void java.lang.invoke.DirectMethodHandle$Holder.invokeVirtual(java.lang.Object, java.lang.Object, long)'> (0x0000000084b69070) 
thrown [s\src\hotspot\share\interpreter\linkResolver.cpp, line 773]
Event: 11.079 Thread 0x0000015661ed4100 Exception <a 'java/lang/NoSuchMethodError'{0x0000000088d821d0}: 'int java.lang.invoke.DirectMethodHandle$Holder.invokeStaticInit(java.lang.Object, java.lang.Object, java.lang.Object, java.lang.Object)'> (0x0000000088d821d0) 
thrown [s\src\hotspot\share\interpreter\linkResolver.cpp, line 773]
Event: 11.159 Thread 0x0000015661ed4100 Exception <a 'java/lang/IncompatibleClassChangeError'{0x00000000855fcb30}: Found class java.lang.Object, but interface was expected> (0x00000000855fcb30) 
thrown [s\src\hotspot\share\interpreter\linkResolver.cpp, line 840]
Event: 11.171 Thread 0x0000015661ed4100 Implicit null exception at 0x00000156549babeb to 0x00000156549bae3c
Event: 11.374 Thread 0x0000015661ed4100 Exception <a 'java/lang/NoSuchMethodError'{0x0000000084f04698}: 'java.lang.Object java.lang.invoke.DirectMethodHandle$Holder.newInvokeSpecial(java.lang.Object, java.lang.Object, int, java.lang.Object, java.lang.Object)'> (0x0000000084f04698) 
thrown [s\src\hotspot\share\interpreter\linkResolver.cpp, line 773]
Event: 117.356 Thread 0x00000156681b28e0 Exception <a 'java/lang/NoSuchMethodError'{0x000000008a7adce8}: 'java.lang.Object java.lang.invoke.DirectMethodHandle$Holder.invokeSpecial(java.lang.Object, java.lang.Object, java.lang.Object, java.lang.Object, java.lang.Object, long)'> (0x000000008a7adce8) 
thrown [s\src\hotspot\share\interpreter\linkResolver.cpp, line 773]
Event: 117.356 Thread 0x00000156681b28e0 Exception <a 'java/lang/NoSuchMethodError'{0x000000008a7b1460}: 'java.lang.Object java.lang.invoke.Invokers$Holder.linkToTargetMethod(java.lang.Object, java.lang.Object, java.lang.Object, long, java.lang.Object)'> (0x000000008a7b1460) 
thrown [s\src\hotspot\share\interpreter\linkResolver.cpp, line 773]

ZGC Phase Switch (0 events):
No events

VM Operations (20 events):
Event: 60.231 Executing VM operation: HandshakeAllThreads (HandshakeForDeflation)
Event: 60.231 Executing VM operation: HandshakeAllThreads (HandshakeForDeflation) done
Event: 60.231 Executing VM operation: RendezvousGCThreads
Event: 60.231 Executing VM operation: RendezvousGCThreads done
Event: 76.369 Executing VM operation: Cleanup
Event: 76.369 Executing VM operation: Cleanup done
Event: 77.378 Executing VM operation: Cleanup
Event: 77.378 Executing VM operation: Cleanup done
Event: 78.385 Executing VM operation: Cleanup
Event: 78.385 Executing VM operation: Cleanup done
Event: 83.433 Executing VM operation: Cleanup
Event: 83.433 Executing VM operation: Cleanup done
Event: 96.556 Executing VM operation: Cleanup
Event: 96.556 Executing VM operation: Cleanup done
Event: 117.283 Executing VM operation: G1CollectForAllocation (G1 Evacuation Pause)
Event: 117.298 Executing VM operation: G1CollectForAllocation (G1 Evacuation Pause) done
Event: 117.407 Executing VM operation: HandshakeAllThreads (Deoptimize)
Event: 117.407 Executing VM operation: HandshakeAllThreads (Deoptimize) done
Event: 117.644 Executing VM operation: HandshakeAllThreads (Deoptimize)
Event: 117.644 Executing VM operation: HandshakeAllThreads (Deoptimize) done

Events (20 events):
Event: 11.404 Thread 0x00000156681b28e0 Thread added: 0x00000156681b28e0
Event: 11.404 Thread 0x00000156681b3600 Thread added: 0x00000156681b3600
Event: 11.404 Thread 0x0000015669612bd0 Thread added: 0x0000015669612bd0
Event: 11.405 Thread 0x0000015669613260 Thread added: 0x0000015669613260
Event: 11.405 Thread 0x0000015669611820 Thread added: 0x0000015669611820
Event: 11.405 Thread 0x0000015669610b00 Thread added: 0x0000015669610b00
Event: 11.405 Thread 0x0000015669611190 Thread added: 0x0000015669611190
Event: 11.405 Thread 0x00000156696138f0 Thread added: 0x00000156696138f0
Event: 11.405 Thread 0x0000015669613f80 Thread added: 0x0000015669613f80
Event: 11.406 Thread 0x0000015669614610 Thread added: 0x0000015669614610
Event: 11.444 Thread 0x0000015669614ca0 Thread added: 0x0000015669614ca0
Event: 11.447 Thread 0x0000015669615330 Thread added: 0x0000015669615330
Event: 11.556 Thread 0x0000015661ed4100 Thread exited: 0x0000015661ed4100
Event: 11.560 Thread 0x0000015661ed3a90 Thread exited: 0x0000015661ed3a90
Event: 11.560 Thread 0x00000156492ad7d0 Thread exited: 0x00000156492ad7d0
Event: 11.561 Thread 0x0000015669611eb0 Thread added: 0x0000015669611eb0
Event: 12.984 Thread 0x000001566ac834f0 Thread exited: 0x000001566ac834f0
Event: 13.403 Thread 0x0000015667717c40 Thread exited: 0x0000015667717c40
Event: 13.403 Thread 0x00000156681b1bc0 Thread exited: 0x00000156681b1bc0
Event: 117.473 Thread 0x0000015666bf7d70 Thread added: 0x0000015666bf7d70


Dynamic libraries:
0x00007ff741f20000 - 0x00007ff741f2e000 	C:\Users\Santhosh BM\Downloads\eclipse-jee-2024-06-R-win32-x86_64\eclipse\plugins\org.eclipse.justj.openjdk.hotspot.jre.full.win32.x86_64_21.0.3.v20240426-1530\jre\bin\javaw.exe
0x00007ffe3c340000 - 0x00007ffe3c5a3000 	C:\WINDOWS\SYSTEM32\ntdll.dll
0x00007ffe3b150000 - 0x00007ffe3b217000 	C:\WINDOWS\System32\KERNEL32.DLL
0x00007ffe39750000 - 0x00007ffe39af1000 	C:\WINDOWS\System32\KERNELBASE.dll
0x00007ffe334b0000 - 0x00007ffe3354d000 	C:\WINDOWS\SYSTEM32\apphelp.dll
0x00007ffe39e30000 - 0x00007ffe39f7b000 	C:\WINDOWS\System32\ucrtbase.dll
0x00007ffe267b0000 - 0x00007ffe267c8000 	C:\Users\Santhosh BM\Downloads\eclipse-jee-2024-06-R-win32-x86_64\eclipse\plugins\org.eclipse.justj.openjdk.hotspot.jre.full.win32.x86_64_21.0.3.v20240426-1530\jre\bin\jli.dll
0x00007ffe35440000 - 0x00007ffe3545b000 	C:\Users\Santhosh BM\Downloads\eclipse-jee-2024-06-R-win32-x86_64\eclipse\plugins\org.eclipse.justj.openjdk.hotspot.jre.full.win32.x86_64_21.0.3.v20240426-1530\jre\bin\VCRUNTIME140.dll
0x00007ffe3a6c0000 - 0x00007ffe3a883000 	C:\WINDOWS\System32\USER32.dll
0x00007ffe3a190000 - 0x00007ffe3a1b7000 	C:\WINDOWS\System32\win32u.dll
0x00007ffe1e870000 - 0x00007ffe1eb00000 	C:\WINDOWS\WinSxS\amd64_microsoft.windows.common-controls_6595b64144ccf1df_6.0.26100.1542_none_3e0a93dee33263f1\COMCTL32.dll
0x00007ffe3b120000 - 0x00007ffe3b14a000 	C:\WINDOWS\System32\GDI32.dll
0x00007ffe3bc60000 - 0x00007ffe3bd09000 	C:\WINDOWS\System32\msvcrt.dll
0x00007ffe39b00000 - 0x00007ffe39c21000 	C:\WINDOWS\System32\gdi32full.dll
0x00007ffe3a040000 - 0x00007ffe3a0e3000 	C:\WINDOWS\System32\msvcp_win.dll
0x00007ffe3aed0000 - 0x00007ffe3aeff000 	C:\WINDOWS\System32\IMM32.DLL
0x00007ffe28850000 - 0x00007ffe2885c000 	C:\Users\Santhosh BM\Downloads\eclipse-jee-2024-06-R-win32-x86_64\eclipse\plugins\org.eclipse.justj.openjdk.hotspot.jre.full.win32.x86_64_21.0.3.v20240426-1530\jre\bin\vcruntime140_1.dll
0x00007ffdfd8a0000 - 0x00007ffdfd92e000 	C:\Users\Santhosh BM\Downloads\eclipse-jee-2024-06-R-win32-x86_64\eclipse\plugins\org.eclipse.justj.openjdk.hotspot.jre.full.win32.x86_64_21.0.3.v20240426-1530\jre\bin\msvcp140.dll
0x00007ffde60a0000 - 0x00007ffde6e22000 	C:\Users\Santhosh BM\Downloads\eclipse-jee-2024-06-R-win32-x86_64\eclipse\plugins\org.eclipse.justj.openjdk.hotspot.jre.full.win32.x86_64_21.0.3.v20240426-1530\jre\bin\server\jvm.dll
0x00007ffe3bae0000 - 0x00007ffe3bb92000 	C:\WINDOWS\System32\ADVAPI32.dll
0x00007ffe3bf10000 - 0x00007ffe3bfb7000 	C:\WINDOWS\System32\sechost.dll
0x00007ffe3bfc0000 - 0x00007ffe3c0d6000 	C:\WINDOWS\System32\RPCRT4.dll
0x00007ffe3bd90000 - 0x00007ffe3be04000 	C:\WINDOWS\System32\WS2_32.dll
0x00007ffe38ec0000 - 0x00007ffe38f0e000 	C:\WINDOWS\SYSTEM32\POWRPROF.dll
0x00007ffe26850000 - 0x00007ffe26886000 	C:\WINDOWS\SYSTEM32\WINMM.dll
0x00007ffe30df0000 - 0x00007ffe30dfb000 	C:\WINDOWS\SYSTEM32\VERSION.dll
0x00007ffe38e70000 - 0x00007ffe38e84000 	C:\WINDOWS\SYSTEM32\UMPDC.dll
0x00007ffe385c0000 - 0x00007ffe385da000 	C:\WINDOWS\SYSTEM32\kernel.appcore.dll
0x00007ffe27110000 - 0x00007ffe2711a000 	C:\Users\Santhosh BM\Downloads\eclipse-jee-2024-06-R-win32-x86_64\eclipse\plugins\org.eclipse.justj.openjdk.hotspot.jre.full.win32.x86_64_21.0.3.v20240426-1530\jre\bin\jimage.dll
0x00007ffe24460000 - 0x00007ffe246a1000 	C:\WINDOWS\SYSTEM32\DBGHELP.DLL
0x00007ffe3ab50000 - 0x00007ffe3aecc000 	C:\WINDOWS\System32\combase.dll
0x00007ffe3aa70000 - 0x00007ffe3ab46000 	C:\WINDOWS\System32\OLEAUT32.dll
0x00007ffe24420000 - 0x00007ffe24459000 	C:\WINDOWS\SYSTEM32\dbgcore.DLL
0x00007ffe3a0f0000 - 0x00007ffe3a189000 	C:\WINDOWS\System32\bcryptPrimitives.dll
0x00007ffe1c880000 - 0x00007ffe1c89f000 	C:\Users\Santhosh BM\Downloads\eclipse-jee-2024-06-R-win32-x86_64\eclipse\plugins\org.eclipse.justj.openjdk.hotspot.jre.full.win32.x86_64_21.0.3.v20240426-1530\jre\bin\java.dll
0x00007ffe17130000 - 0x00007ffe17148000 	C:\Users\Santhosh BM\Downloads\eclipse-jee-2024-06-R-win32-x86_64\eclipse\plugins\org.eclipse.justj.openjdk.hotspot.jre.full.win32.x86_64_21.0.3.v20240426-1530\jre\bin\zip.dll
0x00007ffe3b3b0000 - 0x00007ffe3baa6000 	C:\WINDOWS\System32\SHELL32.dll
0x00007ffe37520000 - 0x00007ffe37d49000 	C:\WINDOWS\SYSTEM32\windows.storage.dll
0x00007ffe3b2d0000 - 0x00007ffe3b3a3000 	C:\WINDOWS\System32\SHCORE.dll
0x00007ffe3bbb0000 - 0x00007ffe3bc0d000 	C:\WINDOWS\System32\shlwapi.dll
0x00007ffe39670000 - 0x00007ffe39699000 	C:\WINDOWS\SYSTEM32\profapi.dll
0x00007ffe269e0000 - 0x00007ffe269f0000 	C:\Users\Santhosh BM\Downloads\eclipse-jee-2024-06-R-win32-x86_64\eclipse\plugins\org.eclipse.justj.openjdk.hotspot.jre.full.win32.x86_64_21.0.3.v20240426-1530\jre\bin\net.dll
0x00007ffe33ff0000 - 0x00007ffe34116000 	C:\WINDOWS\SYSTEM32\WINHTTP.dll
0x00007ffe38ab0000 - 0x00007ffe38b18000 	C:\WINDOWS\system32\mswsock.dll
0x00007ffe136b0000 - 0x00007ffe136c6000 	C:\Users\Santhosh BM\Downloads\eclipse-jee-2024-06-R-win32-x86_64\eclipse\plugins\org.eclipse.justj.openjdk.hotspot.jre.full.win32.x86_64_21.0.3.v20240426-1530\jre\bin\nio.dll
0x00007ffe21170000 - 0x00007ffe2117a000 	C:\Users\Santhosh BM\Downloads\eclipse-jee-2024-06-R-win32-x86_64\eclipse\plugins\org.eclipse.justj.openjdk.hotspot.jre.full.win32.x86_64_21.0.3.v20240426-1530\jre\bin\management.dll
0x00007ffe21110000 - 0x00007ffe2111b000 	C:\Users\Santhosh BM\Downloads\eclipse-jee-2024-06-R-win32-x86_64\eclipse\plugins\org.eclipse.justj.openjdk.hotspot.jre.full.win32.x86_64_21.0.3.v20240426-1530\jre\bin\management_ext.dll
0x00007ffe3a6b0000 - 0x00007ffe3a6b8000 	C:\WINDOWS\System32\PSAPI.DLL
0x00007ffe20b80000 - 0x00007ffe20b8e000 	C:\Users\Santhosh BM\Downloads\eclipse-jee-2024-06-R-win32-x86_64\eclipse\plugins\org.eclipse.justj.openjdk.hotspot.jre.full.win32.x86_64_21.0.3.v20240426-1530\jre\bin\sunmscapi.dll
0x00007ffe39c30000 - 0x00007ffe39da6000 	C:\WINDOWS\System32\CRYPT32.dll
0x00007ffe39070000 - 0x00007ffe390a0000 	C:\WINDOWS\SYSTEM32\ncrypt.dll
0x00007ffe39020000 - 0x00007ffe3905f000 	C:\WINDOWS\SYSTEM32\NTASN1.dll
0x00007ffe38de0000 - 0x00007ffe38dfc000 	C:\WINDOWS\SYSTEM32\CRYPTSP.dll
0x00007ffe38520000 - 0x00007ffe38558000 	C:\WINDOWS\system32\rsaenh.dll
0x00007ffe38bc0000 - 0x00007ffe38beb000 	C:\WINDOWS\SYSTEM32\USERENV.dll
0x00007ffe390b0000 - 0x00007ffe390d6000 	C:\WINDOWS\SYSTEM32\bcrypt.dll
0x00007ffe38e00000 - 0x00007ffe38e0c000 	C:\WINDOWS\SYSTEM32\CRYPTBASE.dll
0x00007ffe37fd0000 - 0x00007ffe38002000 	C:\WINDOWS\SYSTEM32\IPHLPAPI.DLL
0x00007ffe3aa60000 - 0x00007ffe3aa6a000 	C:\WINDOWS\System32\NSI.dll
0x00007ffe20460000 - 0x00007ffe20470000 	C:\Users\Santhosh BM\Downloads\eclipse-jee-2024-06-R-win32-x86_64\eclipse\plugins\org.eclipse.justj.openjdk.hotspot.jre.full.win32.x86_64_21.0.3.v20240426-1530\jre\bin\verify.dll
0x00007ffe38060000 - 0x00007ffe38180000 	C:\WINDOWS\SYSTEM32\DNSAPI.dll
0x00007ffe2fca0000 - 0x00007ffe2fcab000 	C:\Windows\System32\rasadhlp.dll
0x00007ffe318a0000 - 0x00007ffe31926000 	C:\WINDOWS\System32\fwpuclnt.dll
0x00007ffe1e720000 - 0x00007ffe1e729000 	C:\Users\Santhosh BM\Downloads\eclipse-jee-2024-06-R-win32-x86_64\eclipse\plugins\org.eclipse.justj.openjdk.hotspot.jre.full.win32.x86_64_21.0.3.v20240426-1530\jre\bin\extnet.dll
0x00007ffe1d1c0000 - 0x00007ffe1d1c8000 	C:\WINDOWS\system32\wshunix.dll

dbghelp: loaded successfully - version: 4.0.5 - missing functions: none
symbol engine: initialized successfully - sym options: 0x614 - pdb path: .;C:\Users\Santhosh BM\Downloads\eclipse-jee-2024-06-R-win32-x86_64\eclipse\plugins\org.eclipse.justj.openjdk.hotspot.jre.full.win32.x86_64_21.0.3.v20240426-1530\jre\bin;C:\WINDOWS\SYSTEM32;C:\WINDOWS\WinSxS\amd64_microsoft.windows.common-controls_6595b64144ccf1df_6.0.26100.1542_none_3e0a93dee33263f1;C:\Users\Santhosh BM\Downloads\eclipse-jee-2024-06-R-win32-x86_64\eclipse\plugins\org.eclipse.justj.openjdk.hotspot.jre.full.win32.x86_64_21.0.3.v20240426-1530\jre\bin\server

VM Arguments:
jvm_args: -Dfile.encoding=UTF-8 -Dstdout.encoding=UTF-8 -Dstderr.encoding=UTF-8 -XX:+ShowCodeDetailsInExceptionMessages 
java_command: com.kodbook.Application
java_class_path (initial): C:\Users\Santhosh BM\2024kodnestproject\com.kodbook\target\classes;C:\Users\Santhosh BM\.m2\repository\org\springframework\boot\spring-boot-starter-data-jpa\3.3.3\spring-boot-starter-data-jpa-3.3.3.jar;C:\Users\Santhosh BM\.m2\repository\org\springframework\boot\spring-boot-starter-aop\3.3.3\spring-boot-starter-aop-3.3.3.jar;C:\Users\Santhosh BM\.m2\repository\org\springframework\spring-aop\6.1.12\spring-aop-6.1.12.jar;C:\Users\Santhosh BM\.m2\repository\org\aspectj\aspectjweaver\1.9.22.1\aspectjweaver-1.9.22.1.jar;C:\Users\Santhosh BM\.m2\repository\org\springframework\boot\spring-boot-starter-jdbc\3.3.3\spring-boot-starter-jdbc-3.3.3.jar;C:\Users\Santhosh BM\.m2\repository\com\zaxxer\HikariCP\5.1.0\HikariCP-5.1.0.jar;C:\Users\Santhosh BM\.m2\repository\org\springframework\spring-jdbc\6.1.12\spring-jdbc-6.1.12.jar;C:\Users\Santhosh BM\.m2\repository\org\hibernate\orm\hibernate-core\6.5.2.Final\hibernate-core-6.5.2.Final.jar;C:\Users\Santhosh BM\.m2\repository\jakarta\persistence\jakarta.persistence-api\3.1.0\jakarta.persistence-api-3.1.0.jar;C:\Users\Santhosh BM\.m2\repository\jakarta\transaction\jakarta.transaction-api\2.0.1\jakarta.transaction-api-2.0.1.jar;C:\Users\Santhosh BM\.m2\repository\org\jboss\logging\jboss-logging\3.5.3.Final\jboss-logging-3.5.3.Final.jar;C:\Users\Santhosh BM\.m2\repository\org\hibernate\common\hibernate-commons-annotations\6.0.6.Final\hibernate-commons-annotations-6.0.6.Final.jar;C:\Users\Santhosh BM\.m2\repository\io\smallrye\jandex\3.1.2\jandex-3.1.2.jar;C:\Users\Santhosh BM\.m2\repository\com\fasterxml\classmate\1.7.0\classmate-1.7.0.jar;C:\Users\Santhosh BM\.m2\repository\net\bytebuddy\byte-buddy\1.14.19\byte-buddy-1.14.19.jar;C:\Users\Santhosh BM\.m2\repository\org\glassfish\jaxb\jaxb-runtime\4.0.5\jaxb-runtime-4.0.5.jar;C:\Users\Santhosh BM\.m2\repository\org\glassfish\jaxb\jaxb-core\4.0.5\jaxb-core-4.0.5.jar;C:\Users\Santhosh BM\.m2\repository\org\eclipse\angus\angus-activation\2.0.2\angus-activation-2.0.2.jar;C:\Users\Santhosh BM\.m2\repository\org\glassfish\jaxb\txw2\4.0.5\txw2-4.0.5.jar;C:\Users\Santhosh BM\.m2\repository\com\sun\istack\istack-commons-runtime\4.1.2\istack-commons-runtime-4.1.2.jar;C:\Users\Santhosh BM\.m2\repository\jakarta\inject\jakarta.inject-api\2.0.1\jakarta.inject-api-2.0.1.jar;C:\Users\Santhosh BM\.m2\repository\org\antlr\antlr4-runtime\4.13.0\antlr4-runtime-4.13.0.jar;C:\Users\Santhosh BM\.m2\repository\org\springframework\data\spring-data-jpa\3.3.3\spring-data-jpa-3.3.3.jar;C:\Users\Santhosh BM\.m2\repository\org\springframework\data\spring-data-commons\3.3.3\spring-data-commons-3.3.3.jar;C:\Users\Santhosh BM\.m2\repository\org\springframework\spring-orm\6.1.12\spring-orm-6.1.12.jar;C:\Users\Santhosh BM\.m2\repository\org\springframework\spring-context\6.1.12\spring-context-6.1.12.jar;C:\Users\Santhosh BM\.m2\repository\org\springframework\spring-tx\6.1.12\spring-tx-6.1.12.jar;C:\Users\Santhosh BM\.m2\repository\org\springframework\spring-beans\6.1.12\spring-beans-6.1.12.jar;C:\Users\Santhosh BM\.m2\repository\jakarta\annotation\jakarta.annotation-api\2.1.1\jakarta.annotation-api-2.1.1.jar;C:\Users\Santhosh BM\.m2\repository\org\slf4j\slf4j-api\2.0.16\slf4j-api-2.0.16.jar;C:\Users\Santhosh BM\.m2\repository\org\springframework\spring-aspects\6.1.12\spring-aspects-6.1.12.jar;C:\Users\Santhosh BM\.m2\repository\org\springframework\boot\spring-boot-starter-thymeleaf\3.3.3\spring-boot-starter-thymeleaf-3.3.3.jar;C:\Users\Santhosh BM\.m2\repository\org\springframework\boot\spring-boot-starter\3.3.3\spring-boot-starter-3.3.3.jar;C:\Users\Santhosh BM\.m2\repository\org\springframework\boot\spring-boot-starter-logging\3.3.3\spring-boot-starter-logging-3.3.3.jar;C:\Users\Santhosh BM\.m2\repository\ch\qos\logback\logback-classic\1.5.7\logback-classic-1.5.7.jar;C:\Users\Santhosh BM\.m2\repository\ch\qos\logback\logback-core\1.5.7\logback-core-1.5.7.jar;C:\Users\Santhosh BM\.m2\repository\org\apache\logging\log4j\log4j-to-slf4j\2.23.1\log4j-to-slf4j-2.23.1.jar;C:\Users\Santhosh BM\.m2\repository\org\apache\logging\log4j\log4j-api\2.23.1\log4j-api-2.23.1.jar;C:\Users\Santhosh BM\.m2\repository\org\slf4j\jul-to-slf4j\2.0.16\jul-to-slf4j-2.0.16.jar;C:\Users\Santhosh BM\.m2\repository\org\yaml\snakeyaml\2.2\snakeyaml-2.2.jar;C:\Users\Santhosh BM\.m2\repository\org\thymeleaf\thymeleaf-spring6\3.1.2.RELEASE\thymeleaf-spring6-3.1.2.RELEASE.jar;C:\Users\Santhosh BM\.m2\repository\org\thymeleaf\thymeleaf\3.1.2.RELEASE\thymeleaf-3.1.2.RELEASE.jar;C:\Users\Santhosh BM\.m2\repository\org\attoparser\attoparser\2.0.7.RELEASE\attoparser-2.0.7.RELEASE.jar;C:\Users\Santhosh BM\.m2\repository\org\unbescape\unbescape\1.1.6.RELEASE\unbescape-1.1.6.RELEASE.jar;C:\Users\Santhosh BM\.m2\repository\org\springframework\boot\spring-boot-starter-web\3.3.3\spring-boot-starter-web-3.3.3.jar;C:\Users\Santhosh BM\.m2\repository\org\springframework\boot\spring-boot-starter-json\3.3.3\spring-boot-starter-json-3.3.3.jar;C:\Users\Santhosh BM\.m2\repository\com\fasterxml\jackson\core\jackson-databind\2.17.2\jackson-databind-2.17.2.jar;C:\Users\Santhosh BM\.m2\repository\com\fasterxml\jackson\core\jackson-annotations\2.17.2\jackson-annotations-2.17.2.jar;C:\Users\Santhosh BM\.m2\repository\com\fasterxml\jackson\core\jackson-core\2.17.2\jackson-core-2.17.2.jar;C:\Users\Santhosh BM\.m2\repository\com\fasterxml\jackson\datatype\jackson-datatype-jdk8\2.17.2\jackson-datatype-jdk8-2.17.2.jar;C:\Users\Santhosh BM\.m2\repository\com\fasterxml\jackson\datatype\jackson-datatype-jsr310\2.17.2\jackson-datatype-jsr310-2.17.2.jar;C:\Users\Santhosh BM\.m2\repository\com\fasterxml\jackson\module\jackson-module-parameter-names\2.17.2\jackson-module-parameter-names-2.17.2.jar;C:\Users\Santhosh BM\.m2\repository\org\springframework\boot\spring-boot-starter-tomcat\3.3.3\spring-boot-starter-tomcat-3.3.3.jar;C:\Users\Santhosh BM\.m2\repository\org\apache\tomcat\embed\tomcat-embed-core\10.1.28\tomcat-embed-core-10.1.28.jar;C:\Users\Santhosh BM\.m2\repository\org\apache\tomcat\embed\tomcat-embed-el\10.1.28\tomcat-embed-el-10.1.28.jar;C:\Users\Santhosh BM\.m2\repository\org\apache\tomcat\embed\tomcat-embed-websocket\10.1.28\tomcat-embed-websocket-10.1.28.jar;C:\Users\Santhosh BM\.m2\repository\org\springframework\spring-web\6.1.12\spring-web-6.1.12.jar;C:\Users\Santhosh BM\.m2\repository\io\micrometer\micrometer-observation\1.13.3\micrometer-observation-1.13.3.jar;C:\Users\Santhosh BM\.m2\repository\io\micrometer\micrometer-commons\1.13.3\micrometer-commons-1.13.3.jar;C:\Users\Santhosh BM\.m2\repository\org\springframework\spring-webmvc\6.1.12\spring-webmvc-6.1.12.jar;C:\Users\Santhosh BM\.m2\repository\org\springframework\spring-expression\6.1.12\spring-expression-6.1.12.jar;C:\Users\Santhosh BM\.m2\repository\org\springframework\boot\spring-boot-devtools\3.3.3\spring-boot-devtools-3.3.3.jar;C:\Users\Santhosh BM\.m2\repository\org\springframework\boot\spring-boot\3.3.3\spring-boot-3.3.3.jar;C:\Users\Santhosh BM\.m2\repository\org\springframework\boot\spring-boot-autoconfigure\3.3.3\spring-boot-autoconfigure-3.3.3.jar;C:\Users\Santhosh BM\.m2\repository\com\mysql\mysql-connector-j\8.3.0\mysql-connector-j-8.3.0.jar;C:\Users\Santhosh BM\.m2\repository\jakarta\xml\bind\jakarta.xml.bind-api\4.0.2\jakarta.xml.bind-api-4.0.2.jar;C:\Users\Santhosh BM\.m2\repository\jakarta\activation\jakarta.activation-api\2.1.3\jakarta.activation-api-2.1.3.jar;C:\Users\Santhosh BM\.m2\repository\org\springframework\spring-core\6.1.12\spring-core-6.1.12.jar;C:\Users\Santhosh BM\.m2\repository\org\springframework\spring-jcl\6.1.12\spring-jcl-6.1.12.jar
Launcher Type: SUN_STANDARD

[Global flags]
     intx CICompilerCount                          = 4                                         {product} {ergonomic}
     uint ConcGCThreads                            = 2                                         {product} {ergonomic}
     uint G1ConcRefinementThreads                  = 8                                         {product} {ergonomic}
   size_t G1HeapRegionSize                         = 1048576                                   {product} {ergonomic}
    uintx GCDrainStackTargetSize                   = 64                                        {product} {ergonomic}
   size_t InitialHeapSize                          = 132120576                                 {product} {ergonomic}
   size_t MarkStackSize                            = 4194304                                   {product} {ergonomic}
   size_t MaxHeapSize                              = 2103443456                                {product} {ergonomic}
   size_t MaxNewSize                               = 1261436928                                {product} {ergonomic}
   size_t MinHeapDeltaBytes                        = 1048576                                   {product} {ergonomic}
   size_t MinHeapSize                              = 8388608                                   {product} {ergonomic}
    uintx NonNMethodCodeHeapSize                   = 5839372                                {pd product} {ergonomic}
    uintx NonProfiledCodeHeapSize                  = 122909434                              {pd product} {ergonomic}
    uintx ProfiledCodeHeapSize                     = 122909434                              {pd product} {ergonomic}
    uintx ReservedCodeCacheSize                    = 251658240                              {pd product} {ergonomic}
     bool SegmentedCodeCache                       = true                                      {product} {ergonomic}
     bool ShowCodeDetailsInExceptionMessages       = true                                   {manageable} {command line}
   size_t SoftMaxHeapSize                          = 2103443456                             {manageable} {ergonomic}
     bool UseCompressedOops                        = true                           {product lp64_product} {ergonomic}
     bool UseG1GC                                  = true                                      {product} {ergonomic}
     bool UseLargePagesIndividualAllocation        = false                                  {pd product} {ergonomic}

Logging:
Log output configuration:
 #0: stdout all=warning uptime,level,tags foldmultilines=false
 #1: stderr all=off uptime,level,tags foldmultilines=false

Environment Variables:
JAVA_HOME=C:\Program Files\Java\jdk-17\bin
PATH=C:/Users/Santhosh BM/Downloads/eclipse-jee-2024-06-R-win32-x86_64/eclipse//plugins/org.eclipse.justj.openjdk.hotspot.jre.full.win32.x86_64_21.0.4.v20240802-1551/jre/bin/server;C:/Users/Santhosh BM/Downloads/eclipse-jee-2024-06-R-win32-x86_64/eclipse//plugins/org.eclipse.justj.openjdk.hotspot.jre.full.win32.x86_64_21.0.4.v20240802-1551/jre/bin;C:\Program Files\Java\jdk-17\bin;C:\Program Files\OpenLogic\jdk-8.0.412.08-hotspot;C:\Program Files\Common Files\Oracle\Java\javapath;C:\Program Files\OpenLogic\jdk-8.0.412.08-hotspot\bin;C:\Program Files (x86)\Common Files\Oracle\Java\javapath;C:\Program Files (x86)\VMware\VMware Player\bin\;C:\oracle\product\10.2.0\db_1\bin;C:\WINDOWS\system32;C:\WINDOWS;C:\WINDOWS\System32\Wbem;C:\WINDOWS\System32\WindowsPowerShell\v1.0\;C:\WINDOWS\System32\OpenSSH\;C:\Program Files\nodejs\;C:\Program Files\Microsoft VS Code\bin;C:\Users\Santhosh BM\AppData\Roaming\Microsoft\Windows\Start Menu\Programs\Python 3.10;C:\Users\Santhosh BM\AppData\Local\Programs\Python\Python311;C:\Program Files\dotnet\;C:\Program Files (x86)\apache-maven-3.6.3\bin;C:\Program Files\TortoiseSVN\bin;C:\Program Files\Java\jdk-17\bin\bin;C:\Program Files\Git\cmd;C:\Program Files\MySQL\MySQL Shell 8.0\bin\;C:\Program Files\Common Files\Oracle\Java\javapath;C:\Program Files (x86)\VMware\VMware Player\bin\;C:\oracle\product\10.2.0\db_1\bin;C:\WINDOWS\system32;C:\WINDOWS;C:\WINDOWS\System32\Wbem;C:\WINDOWS\System32\WindowsPowerShell\v1.0\;C:\WINDOWS\System32\OpenSSH\;C:\Program Files\nodejs\;C:\Program Files\Microsoft VS Code\bin;C:\Program Files\Microsoft SQL Server\150\Tools\Binn\;C:\Program Files\Git\cmd;C:\Users\Santhosh BM\AppData\Roaming\Microsoft\Windows\Start Menu\Programs\Python 3.10;C:\Users\Santhosh BM\AppData\Local\Programs\Python\Python311;C:\Users\Santhosh BM\AppData\Local\Microsoft\WindowsApps;C:\Users\Santhosh BM\AppData\Roaming\npm;C:\Program Files\heroku\bin;C:\Program Files\JetBrains\PyCharm Communit;C:\Program Files (x86)\apache-maven-3.6.3\bin;;C:\Users\Santhosh BM\Downloads\eclipse-jee-2024-06-R-win32-x86_64\eclipse;
USERNAME=Santhosh BM
OS=Windows_NT
PROCESSOR_IDENTIFIER=Intel64 Family 6 Model 165 Stepping 2, GenuineIntel
TMP=C:\Users\SANTHO~1\AppData\Local\Temp
TEMP=C:\Users\SANTHO~1\AppData\Local\Temp




Periodic native trim disabled

---------------  S Y S T E M  ---------------

OS:
 Windows 11 , 64 bit Build 26100 (10.0.26100.1542)
OS uptime: 6 days 21:52 hours
Hyper-V role detected

CPU: total 8 (initial active 8) (4 cores per cpu, 2 threads per core) family 6 model 165 stepping 2 microcode 0xea, cx8, cmov, fxsr, ht, mmx, 3dnowpref, sse, sse2, sse3, ssse3, sse4.1, sse4.2, popcnt, lzcnt, tsc, tscinvbit, avx, avx2, aes, erms, clmul, bmi1, bmi2, adx, fma, vzeroupper, clflush, clflushopt, hv, rdtscp, f16c
Processor Information for all 8 processors :
  Max Mhz: 2496, Current Mhz: 2496, Mhz Limit: 2496

Memory: 4k page, system-wide physical 8023M (492M free)
TotalPageFile size 10071M (AvailPageFile size 11M)
current process WorkingSet (physical memory assigned to process): 240M, peak: 275M
current process commit charge ("private bytes"): 271M, peak: 300M

vm_info: OpenJDK 64-Bit Server VM (21.0.3+9-LTS) for windows-amd64 JRE (21.0.3+9-LTS), built on 2024-04-16T00:00:00Z by "admin" with MS VC++ 17.7 (VS2022)

END.
